2026-02-24 14:35:46 [INFO] =======================================================
2026-02-24 14:35:46 [INFO]   CatHack AI Trader 起動  [🔵 DRY RUN]
2026-02-24 14:35:46 [INFO]   チェック間隔: 300秒  ロット: 1,000通貨
2026-02-24 14:35:46 [INFO]   BB: period=14, σ=2.5  SL:50pips  TP:100pips
2026-02-24 14:35:46 [INFO] =======================================================
2026-02-24 14:35:46 [INFO] --- チェック開始: 2026/02/24 14:35 JST ---
2026-02-24 14:35:47 [INFO] USD/JPY: 155.262
2026-02-24 14:35:48 [INFO] GBP/JPY: 209.307
2026-02-24 14:35:48 [INFO] 全ペア シグナルなし — 様子見
2026-02-24 14:40:48 [INFO] --- チェック開始: 2026/02/24 14:40 JST ---
2026-02-24 14:40:48 [INFO] USD/JPY: 155.278
2026-02-24 14:40:48 [INFO] GBP/JPY: 209.333
2026-02-24 14:40:48 [INFO] 全ペア シグナルなし — 様子見
2026-02-24 14:45:48 [INFO] --- チェック開始: 2026/02/24 14:45 JST ---
2026-02-24 14:45:49 [INFO] USD/JPY: 155.289
2026-02-24 14:45:49 [INFO] GBP/JPY: 209.369
2026-02-24 14:45:49 [INFO] 全ペア シグナルなし — 様子見
2026-02-24 14:50:49 [INFO] --- チェック開始: 2026/02/24 14:50 JST ---
2026-02-24 14:50:49 [INFO] USD/JPY: 155.267
2026-02-24 14:50:50 [INFO] GBP/JPY: 209.337
2026-02-24 14:50:50 [INFO] 全ペア シグナルなし — 様子見
2026-02-24 14:55:50 [INFO] --- チェック開始: 2026/02/24 14:55 JST ---
2026-02-24 14:55:50 [INFO] USD/JPY: 155.208
2026-02-24 14:55:50 [INFO] GBP/JPY: 209.305
2026-02-24 14:55:50 [INFO] 全ペア シグナルなし — 様子見
2026-02-24 15:00:50 [INFO] --- チェック開始: 2026/02/24 15:00 JST ---
2026-02-24 15:00:51 [INFO] USD/JPY: 155.165
2026-02-24 15:00:51 [INFO] GBP/JPY: 209.288
2026-02-24 15:00:51 [INFO] 全ペア シグナルなし — 様子見
2026-02-24 15:05:51 [INFO] --- チェック開始: 2026/02/24 15:05 JST ---
2026-02-24 15:05:52 [INFO] USD/JPY: 155.145
2026-02-24 15:05:52 [INFO] GBP/JPY: 209.299
2026-02-24 15:05:52 [INFO] 全ペア シグナルなし — 様子見
2026-02-24 15:10:52 [INFO] --- チェック開始: 2026/02/24 15:10 JST ---
2026-02-24 15:10:52 [INFO] USD/JPY: 155.110
2026-02-24 15:10:52 [INFO] GBP/JPY: 209.264
2026-02-24 15:10:52 [INFO] 全ペア シグナルなし — 様子見
2026-02-24 15:15:52 [INFO] --- チェック開始: 2026/02/24 15:15 JST ---
2026-02-24 15:15:53 [INFO] USD/JPY: 155.117
2026-02-24 15:15:53 [INFO] GBP/JPY: 209.246
2026-02-24 15:15:53 [INFO] 全ペア シグナルなし — 様子見
2026-02-24 15:16:16 [INFO] =======================================================
2026-02-24 15:16:16 [INFO]   CatHack AI Trader 起動  [🔵 DRY RUN]
2026-02-24 15:16:16 [INFO]   チェック間隔: 300秒  ロット: 1,000通貨
2026-02-24 15:16:16 [INFO]   BB: period=14, σ=2.5  SL:50pips  TP:100pips
2026-02-24 15:16:16 [INFO] =======================================================
2026-02-24 15:16:16 [INFO] --- チェック開始: 2026/02/24 15:16 JST ---
2026-02-24 15:16:17 [INFO] USD/JPY: 155.131
2026-02-24 15:16:18 [INFO] GBP/JPY: 209.241
2026-02-24 15:16:18 [INFO] 全ペア シグナルなし — 様子見
2026-02-24 19:09:33 [INFO] --- チェック開始: 2026/02/24 19:09 JST ---
2026-02-24 19:09:33 [INFO] USD/JPY: 155.840
2026-02-24 19:09:34 [INFO] GBP/JPY: 210.394
2026-02-24 19:09:34 [INFO] 全ペア シグナルなし — 様子見
2026-02-24 19:45:24 [INFO] --- チェック開始: 2026/02/24 19:45 JST ---
2026-02-24 19:45:25 [INFO] USD/JPY: 155.836
2026-02-24 19:45:25 [INFO] GBP/JPY: 210.345
2026-02-24 19:45:25 [INFO] 全ペア シグナルなし — 様子見
2026-02-24 19:50:25 [INFO] --- チェック開始: 2026/02/24 19:50 JST ---
2026-02-24 19:50:25 [INFO] USD/JPY: 155.828
2026-02-24 19:50:26 [INFO] GBP/JPY: 210.299
2026-02-24 19:50:26 [INFO] 全ペア シグナルなし — 様子見
2026-02-24 19:55:26 [INFO] --- チェック開始: 2026/02/24 19:55 JST ---
2026-02-24 19:55:26 [INFO] USD/JPY: 155.843
2026-02-24 19:55:26 [INFO] GBP/JPY: 210.305
2026-02-24 19:55:26 [INFO] 全ペア シグナルなし — 様子見
2026-02-25 08:31:39 [INFO] =======================================================
2026-02-25 08:31:39 [INFO]   CatHack AI Trader 起動  [🔵 DRY RUN]
2026-02-25 08:31:39 [INFO]   チェック間隔: 300秒  ロット: 1,000通貨
2026-02-25 08:31:39 [INFO]   BB: period=14, σ=2.5  SL:ATR×3.0  TP:ATR×6.0
2026-02-25 08:31:39 [INFO]   200SMA期間: 200  リトライ: 3回
2026-02-25 08:31:39 [INFO] =======================================================
2026-02-25 08:31:39 [INFO] [sync] DRY_RUN または OANDA未接続のためスキップ
2026-02-25 08:31:39 [INFO] --- チェック開始: 2026/02/25 08:31 JST ---
2026-02-25 08:31:40 [INFO] USD/JPY: 155.848
2026-02-25 08:31:40 [INFO] GBP/JPY: 210.333
2026-02-25 08:31:40 [INFO] [H&S/GBP/JPY] SELL  天井H&Sパターン検知, ADX=16.9, SMA200=211.312より下 | 🛑 SL根拠: 右肩高値(209.273)+5pips | 🎯 TP根拠: RR 1:2 / ネックライン倍返し目安 205.422
2026-02-25 08:31:40 [INFO] [DRY RUN] GBP/JPY SELL @ 210.333  SL:209.323  TP:212.353  戦略:H&S 4h
2026-02-25 08:48:02 [INFO] =======================================================
2026-02-25 08:48:02 [INFO]   CatHack AI Trader 起動  [🔵 DRY RUN]
2026-02-25 08:48:02 [INFO]   チェック間隔: 300秒  ロット: 1,000通貨
2026-02-25 08:48:02 [INFO]   BB: period=14, σ=2.5  SL:ATR×3.0  TP:ATR×6.0
2026-02-25 08:48:02 [INFO]   200SMA期間: 200  リトライ: 3回
2026-02-25 08:48:02 [INFO] =======================================================
2026-02-25 08:48:02 [INFO] [sync] DRY_RUN または OANDA未接続のためスキップ
2026-02-25 08:48:02 [INFO] --- チェック開始: 2026/02/25 08:48 JST ---
2026-02-25 08:48:03 [INFO] 保有: GBP/JPY SELL @ 210.333  現在:210.329
2026-02-25 08:48:03 [INFO] [DRY RUN] GBP/JPY 決済: SELL  entry:210.333  close:210.329  PnL:+0.4pips  理由:TP到達 (利確)
2026-02-25 08:48:03 [INFO] ポジション決済完了
2026-02-25 08:53:03 [INFO] --- チェック開始: 2026/02/25 08:53 JST ---
2026-02-25 08:53:03 [INFO] USD/JPY: 155.848
2026-02-25 08:53:04 [INFO] GBP/JPY: 210.338
2026-02-25 08:53:04 [INFO] [H&S/GBP/JPY] SELL  天井H&Sパターン検知, ADX=16.9, SMA200=211.312より下 | 🛑 SL根拠: 右肩高値(209.273)+5pips | 🎯 TP根拠: RR 1:2 / ネックライン倍返し目安 205.422
2026-02-25 08:53:04 [INFO] [DRY RUN] GBP/JPY SELL @ 210.338  SL:209.323  TP:212.368  戦略:H&S 4h
2026-02-25 08:58:04 [INFO] --- チェック開始: 2026/02/25 08:58 JST ---
2026-02-25 08:58:04 [INFO] 保有: GBP/JPY SELL @ 210.338  現在:210.383
2026-02-25 08:58:04 [INFO] [DRY RUN] GBP/JPY 決済: SELL  entry:210.338  close:210.383  PnL:-4.5pips  理由:TP到達 (利確)
2026-02-25 08:58:04 [INFO] ポジション決済完了
2026-02-25 08:58:43 [INFO] 
停止しました（Ctrl+C）
2026-02-25 12:30:39 [INFO] =======================================================
2026-02-25 12:30:39 [INFO]   CatHack AI Trader 起動  [🔴 本番]
2026-02-25 12:30:39 [INFO]   チェック間隔: 300秒  ロット: 10,000通貨
2026-02-25 12:30:39 [INFO]   BB: period=14, σ=2.5  SL:ATR×3.0  TP:ATR×6.0
2026-02-25 12:30:39 [INFO]   200SMA期間: 200  リトライ: 3回
2026-02-25 12:30:39 [INFO] =======================================================
2026-02-25 12:30:40 [INFO] [sync] ポジション照合OK（ズレなし）
2026-02-25 12:30:40 [INFO] --- チェック開始: 2026/02/25 12:30 JST ---
2026-02-25 12:30:41 [INFO] USD/JPY: 155.928
2026-02-25 12:30:41 [INFO] GBP/JPY: 210.663
2026-02-25 12:30:41 [INFO] 全ペア シグナルなし — 様子見
2026-02-25 12:35:41 [INFO] --- チェック開始: 2026/02/25 12:35 JST ---
2026-02-25 12:35:41 [INFO] USD/JPY: 155.817
2026-02-25 12:35:42 [INFO] GBP/JPY: 210.553
2026-02-25 12:35:42 [INFO] 全ペア シグナルなし — 様子見
2026-02-25 12:40:42 [INFO] --- チェック開始: 2026/02/25 12:40 JST ---
2026-02-25 12:40:42 [INFO] USD/JPY: 155.849
2026-02-25 12:40:42 [INFO] GBP/JPY: 210.637
2026-02-25 12:40:42 [INFO] 全ペア シグナルなし — 様子見
